2025-07-14 13:56:54.777559 - User: admin - path: /
2025-07-14 13:56:55.140090 - User: admin - path: /favicon.ico
2025-07-14 13:56:59.855620 - User: admin - path: /admin/
2025-07-14 13:57:37.610561 - User: admin - path: /admin/
2025-07-14 13:57:39.087701 - User: admin - path: /api/token/
2025-07-14 17:21:36.313652 - User: admin - path: /
2025-07-15 02:48:08.597185 - User: admin - path: /
2025-07-15 02:48:46.780646 - User: admin - path: /
2025-07-15 02:48:51.451292 - User: admin - path: /admin/
2025-07-15 02:48:57.548110 - User: admin - path: /chats
2025-07-15 02:57:01.415228 - User: Anonymous - path: /api/token/
2025-07-15 02:57:17.472362 - User: admin - path: /chats
2025-07-15 02:57:24.128575 - User: admin - path: /chats
2025-07-15 02:57:29.759994 - User: admin - path: /
2025-07-15 02:57:43.293748 - User: Anonymous - path: /api/token/
2025-07-15 02:57:46.635386 - User: Anonymous - path: /api/token/
2025-07-15 02:57:48.854864 - User: Anonymous - path: /api/token/
2025-07-15 02:57:50.969532 - User: Anonymous - path: /api/token/
2025-07-15 02:57:53.134424 - User: Anonymous - path: /api/token/
2025-07-15 04:10:55.085344 - User: admin - path: /
2025-07-15 04:10:55.170713 - User: admin - path: /favicon.ico
2025-07-15 04:11:07.810303 - User: admin - path: /protected
2025-07-15 04:11:37.574830 - User: admin - path: /api/protected
2025-07-15 04:11:37.592122 - User: admin - path: /api/protected/
2025-07-15 04:11:51.836103 - User: admin - path: /admin
2025-07-15 04:11:51.863750 - User: admin - path: /admin/
2025-07-15 04:11:56.170474 - User: admin - path: /admin/chats/user/7/change/
2025-07-15 04:11:56.494477 - User: admin - path: /admin/jsi18n/
2025-07-15 04:12:02.097315 - User: admin - path: /admin/chats/
2025-07-15 04:12:04.993810 - User: admin - path: /admin/
2025-07-15 04:12:10.033315 - User: admin - path: /admin/chats/user/add/
2025-07-15 04:12:10.170717 - User: admin - path: /admin/jsi18n/
2025-07-15 04:14:20.783416 - User: Anonymous - path: /api/protected/
2025-07-15 04:15:43.392775 - User: Anonymous - path: /api/token/
2025-07-15 04:15:53.783641 - User: Anonymous - path: /api/token/
2025-07-15 04:16:12.554928 - User: Anonymous - path: /api/token/
2025-07-15 04:16:14.144829 - User: Anonymous - path: /api/token/
2025-07-15 04:16:26.909688 - User: Anonymous - path: /api/token/
2025-07-15 04:17:16.723461 - User: admin - path: /
2025-07-15 04:17:19.228430 - User: Anonymous - path: /api/token/
2025-07-15 04:17:26.183106 - User: admin - path: /admin/
2025-07-15 04:17:33.490427 - User: admin - path: /api/token/
2025-07-15 04:18:25.809419 - User: admin - path: /api/token/
2025-07-15 04:18:47.863503 - User: admin - path: /api/token/
2025-07-15 04:19:37.165584 - User: Anonymous - path: /api/protected/
2025-07-15 04:19:38.885960 - User: Anonymous - path: /api/protected/
